0 info it worked if it ends with ok
1 verbose cli [ 'node', '/usr/local/bin/npm', 'run', 'example' ]
2 info using npm@1.4.28
3 info using node@v0.10.34
4 verbose run-script [ 'preexample', 'example', 'postexample' ]
5 info preexample sj-nn@1.0.0
6 info example sj-nn@1.0.0
7 verbose unsafe-perm in lifecycle true
8 info sj-nn@1.0.0 Failed to exec example script
9 error sj-nn@1.0.0 example: `nodejs index.js`
9 error Exit status 127
10 error Failed at the sj-nn@1.0.0 example script.
10 error This is most likely a problem with the sj-nn package,
10 error not with npm itself.
10 error Tell the author that this fails on your system:
10 error     nodejs index.js
10 error You can get their info via:
10 error     npm owner ls sj-nn
10 error There is likely additional logging output above.
11 error System Darwin 16.5.0
12 error command "node" "/usr/local/bin/npm" "run" "example"
13 error cwd /Users/sj/Desktop/GitHub/sj-nn
14 error node -v v0.10.34
15 error npm -v 1.4.28
16 error code ELIFECYCLE
17 verbose exit [ 1, true ]
